2025-01-08 21:56:07,521 - INFO - Database connection established.
2025-01-08 21:56:36,791 - ERROR - Pipeline failed: {'S': 'ERROR', 'V': 'ERROR', 'C': '42601', 'M': 'syntax error at or near "$1"', 'P': '757', 'F': 'scan.l', 'L': '1248', 'R': 'scanner_yyerror'}
2025-01-08 22:03:05,393 - INFO - Database connection established.
2025-01-08 22:03:48,427 - ERROR - Pipeline failed: {'S': 'ERROR', 'V': 'ERROR', 'C': '42601', 'M': 'syntax error at or near "$1"', 'P': '757', 'F': 'scan.l', 'L': '1248', 'R': 'scanner_yyerror'}
2025-01-10 09:49:22,637 - INFO - Database connection established.
2025-01-10 09:49:36,848 - ERROR - Pipeline failed: {'S': 'ERROR', 'V': 'ERROR', 'C': '42P01', 'M': 'relation "asteroids" does not exist', 'P': '22', 'F': 'parse_relation.c', 'L': '1452', 'R': 'parserOpenTable'}
2025-01-10 10:03:55,091 - INFO - Fetched page: https://api.nasa.gov/neo/rest/v1/neo/browse
2025-01-10 10:03:59,404 - INFO - Database connection established.
2025-01-10 10:04:08,074 - ERROR - Pipeline failed: {'S': 'ERROR', 'V': 'ERROR', 'C': '42601', 'M': 'INSERT has more target columns than expressions', 'P': '733', 'F': 'analyze.c', 'L': '1052', 'R': 'transformInsertRow'}
2025-01-10 10:07:37,664 - INFO - Fetched page: https://api.nasa.gov/neo/rest/v1/neo/browse
2025-01-10 10:07:48,913 - INFO - Database connection established.
2025-01-10 10:07:59,890 - ERROR - Pipeline failed: {'S': 'ERROR', 'V': 'ERROR', 'C': '42601', 'M': 'INSERT has more target columns than expressions', 'P': '733', 'F': 'analyze.c', 'L': '1052', 'R': 'transformInsertRow'}
2025-01-10 10:25:24,058 - INFO - Fetched page: https://api.nasa.gov/neo/rest/v1/neo/browse
2025-01-10 10:25:29,171 - INFO - Database connection established.
2025-01-10 10:25:35,172 - ERROR - Pipeline failed: {'S': 'ERROR', 'V': 'ERROR', 'C': '42601', 'M': 'INSERT has more target columns than expressions', 'P': '714', 'F': 'analyze.c', 'L': '1052', 'R': 'transformInsertRow'}
2025-01-10 10:27:43,111 - INFO - Fetched page: https://api.nasa.gov/neo/rest/v1/neo/browse
2025-01-10 10:27:45,309 - INFO - Database connection established.
2025-01-10 10:27:51,222 - ERROR - Pipeline failed: {'S': 'ERROR', 'V': 'ERROR', 'C': '42601', 'M': 'INSERT has more target columns than expressions', 'P': '714', 'F': 'analyze.c', 'L': '1052', 'R': 'transformInsertRow'}
2025-01-10 21:20:46,569 - INFO - Fetched page: https://api.nasa.gov/neo/rest/v1/neo/browse
2025-01-10 21:20:50,725 - INFO - Database connection established.
2025-01-10 21:23:35,862 - ERROR - Pipeline failed: {'S': 'ERROR', 'V': 'ERROR', 'C': '08P01', 'M': 'bind message supplies 4 parameters, but prepared statement "" requires 34', 'F': 'postgres.c', 'L': '1736', 'R': 'exec_bind_message'}
2025-01-10 21:35:54,304 - INFO - Fetched page: https://api.nasa.gov/neo/rest/v1/neo/browse
2025-01-10 21:36:03,875 - INFO - Database connection established.
2025-01-10 21:36:09,249 - ERROR - Pipeline failed: {'S': 'ERROR', 'V': 'ERROR', 'C': '42P10', 'M': 'there is no unique or exclusion constraint matching the ON CONFLICT specification', 'F': 'plancat.c', 'L': '945', 'R': 'infer_arbiter_indexes'}
2025-01-10 21:56:50,868 - INFO - Fetched page: https://api.nasa.gov/neo/rest/v1/neo/browse
2025-01-10 22:00:12,826 - INFO - Database connection established.
2025-01-10 22:00:15,112 - ERROR - Pipeline failed: {'S': 'ERROR', 'V': 'ERROR', 'C': '42P10', 'M': 'there is no unique or exclusion constraint matching the ON CONFLICT specification', 'F': 'plancat.c', 'L': '945', 'R': 'infer_arbiter_indexes'}
2025-01-10 23:44:58,461 - INFO - Fetched page: https://api.nasa.gov/neo/rest/v1/neo/browse
2025-01-10 23:45:02,338 - WARNING - Invalid date format: 1900-Dec-27 01:30
2025-01-10 23:45:04,469 - WARNING - Invalid date format: 1907-Nov-05 03:31
2025-01-10 23:45:05,735 - WARNING - Invalid date format: 1917-Apr-20 21:19
2025-01-10 23:45:06,969 - WARNING - Invalid date format: 1924-Mar-05 22:13
2025-01-10 23:45:09,743 - WARNING - Invalid date format: 1931-Jan-30 04:07
2025-01-10 23:45:09,745 - WARNING - Invalid date format: 1938-Jan-13 22:04
2025-01-10 23:45:09,746 - WARNING - Invalid date format: 1944-Nov-27 01:41
2025-01-10 23:45:09,746 - WARNING - Invalid date format: 1961-Apr-04 09:08
2025-01-10 23:45:09,747 - WARNING - Invalid date format: 1968-Feb-11 13:46
2025-01-10 23:45:09,748 - WARNING - Invalid date format: 1975-Jan-23 07:39
2025-01-10 23:45:09,748 - WARNING - Invalid date format: 1981-Dec-29 08:05
2025-01-10 23:45:09,749 - WARNING - Invalid date format: 1988-Nov-06 14:56
2025-01-10 23:45:09,749 - WARNING - Invalid date format: 2005-Mar-08 22:07
2025-01-10 23:45:09,749 - WARNING - Invalid date format: 2012-Jan-31 11:01
2025-01-10 23:45:09,750 - WARNING - Invalid date format: 2019-Jan-15 06:01
2025-01-10 23:45:09,750 - WARNING - Invalid date format: 2025-Nov-30 02:18
2025-01-10 23:45:09,751 - WARNING - Invalid date format: 2042-Apr-06 19:02
2025-01-10 23:45:09,751 - WARNING - Invalid date format: 2049-Feb-12 05:38
2025-01-10 23:45:09,751 - WARNING - Invalid date format: 2056-Jan-24 11:03
2025-01-10 23:45:09,751 - WARNING - Invalid date format: 2062-Dec-31 08:25
2025-01-10 23:45:09,756 - WARNING - Invalid date format: 2069-Nov-08 21:29
2025-01-10 23:45:09,756 - WARNING - Invalid date format: 2086-Mar-11 22:55
2025-01-10 23:45:09,757 - WARNING - Invalid date format: 2093-Jan-31 15:47
2025-01-10 23:45:09,757 - WARNING - Invalid date format: 2100-Jan-16 11:39
2025-01-10 23:45:09,757 - WARNING - Invalid date format: 2106-Dec-04 02:22
2025-01-10 23:45:09,758 - WARNING - Invalid date format: 2123-Apr-10 05:51
2025-01-10 23:45:09,758 - WARNING - Invalid date format: 2130-Feb-14 22:11
2025-01-10 23:45:09,759 - WARNING - Invalid date format: 2137-Jan-25 14:12
2025-01-10 23:45:09,759 - WARNING - Invalid date format: 2144-Jan-03 10:26
2025-01-10 23:45:09,759 - WARNING - Invalid date format: 2150-Nov-12 07:12
2025-01-10 23:45:09,759 - WARNING - Invalid date format: 2167-Mar-16 05:30
2025-01-10 23:45:09,760 - WARNING - Invalid date format: 2174-Feb-03 01:30
2025-01-10 23:45:09,760 - WARNING - Invalid date format: 2181-Jan-17 20:55
2025-01-10 23:45:09,760 - WARNING - Invalid date format: 2187-Dec-06 23:28
2025-01-10 23:45:09,762 - WARNING - Invalid date format: 1909-Aug-21 15:04
2025-01-10 23:45:09,762 - WARNING - Invalid date format: 1956-Sep-12 20:20
2025-01-10 23:45:09,762 - WARNING - Invalid date format: 2003-Oct-26 03:46
2025-01-10 23:45:09,763 - WARNING - Invalid date format: 2050-Nov-15 11:59
2025-01-10 23:45:09,763 - WARNING - Invalid date format: 2063-Oct-10 19:16
2025-01-10 23:45:09,763 - WARNING - Invalid date format: 2110-Nov-08 03:30
2025-01-10 23:45:09,763 - WARNING - Invalid date format: 2157-Dec-03 17:48
2025-01-10 23:45:09,764 - WARNING - Invalid date format: 2170-Nov-10 05:57
2025-01-10 23:45:09,764 - WARNING - Invalid date format: 1974-Jan-04 05:00
2025-01-10 23:45:09,764 - WARNING - Invalid date format: 2025-Jan-08 13:40
2025-01-10 23:45:09,764 - WARNING - Invalid date format: 2087-Jan-25 21:50
2025-01-10 23:45:09,765 - WARNING - Invalid date format: 1910-Feb-25 08:36
2025-01-10 23:45:09,765 - WARNING - Invalid date format: 2040-Jun-30 21:47
2025-01-10 23:45:09,765 - WARNING - Invalid date format: 2050-Dec-07 07:15
2025-01-10 23:45:09,765 - WARNING - Invalid date format: 2088-May-12 05:03
2025-01-10 23:45:09,766 - WARNING - Invalid date format: 2176-Dec-16 13:29
2025-01-10 23:45:09,766 - WARNING - Invalid date format: 1908-Mar-14 13:14
2025-01-10 23:45:09,766 - WARNING - Invalid date format: 1916-Mar-17 22:06
2025-01-10 23:45:09,766 - WARNING - Invalid date format: 1924-Mar-20 12:01
2025-01-10 23:45:09,767 - WARNING - Invalid date format: 1932-Mar-22 14:22
2025-01-10 23:45:09,767 - WARNING - Invalid date format: 1940-Mar-22 20:08
2025-01-10 23:45:09,767 - WARNING - Invalid date format: 1948-Mar-21 19:24
2025-01-10 23:45:09,767 - WARNING - Invalid date format: 1956-Mar-21 06:18
2025-01-10 23:45:09,767 - WARNING - Invalid date format: 1964-Mar-19 02:54
2025-01-10 23:45:09,768 - WARNING - Invalid date format: 1972-Mar-14 08:55
2025-01-10 23:45:09,768 - WARNING - Invalid date format: 2089-Apr-07 05:21
2025-01-10 23:45:09,768 - WARNING - Invalid date format: 2097-Mar-31 04:55
2025-01-10 23:45:09,769 - WARNING - Invalid date format: 2105-Mar-28 01:53
2025-01-10 23:45:09,770 - WARNING - Invalid date format: 2113-Mar-28 03:52
2025-01-10 23:45:09,770 - WARNING - Invalid date format: 2121-Mar-27 04:22
2025-01-10 23:45:09,770 - WARNING - Invalid date format: 2129-Mar-25 14:37
2025-01-10 23:45:09,771 - WARNING - Invalid date format: 2137-Mar-26 08:34
2025-01-10 23:45:09,771 - WARNING - Invalid date format: 2145-Mar-25 20:33
2025-01-10 23:45:09,771 - WARNING - Invalid date format: 2153-Mar-23 12:56
2025-01-10 23:45:09,772 - WARNING - Invalid date format: 2161-Mar-21 21:31
2025-01-10 23:45:09,772 - WARNING - Invalid date format: 2169-Mar-18 14:05
2025-01-10 23:45:09,772 - WARNING - Invalid date format: 1902-Jun-11 20:20
2025-01-10 23:45:09,774 - WARNING - Invalid date format: 1906-Sep-01 21:08
2025-01-10 23:45:09,774 - WARNING - Invalid date format: 1911-Jun-08 11:07
2025-01-10 23:45:09,774 - WARNING - Invalid date format: 1912-Jun-26 09:25
2025-01-10 23:45:09,775 - WARNING - Invalid date format: 1914-Aug-09 15:15
2025-01-10 23:45:09,775 - WARNING - Invalid date format: 1915-Aug-21 23:01
2025-01-10 23:45:09,775 - WARNING - Invalid date format: 1921-Jun-15 13:34
2025-01-10 23:45:09,775 - WARNING - Invalid date format: 1925-Sep-05 01:06
2025-01-10 23:45:09,776 - WARNING - Invalid date format: 1928-Feb-18 02:03
2025-01-10 23:45:09,776 - WARNING - Invalid date format: 1930-Jun-08 19:39
2025-01-10 23:45:09,776 - WARNING - Invalid date format: 1931-Jul-02 22:56
2025-01-10 23:45:09,776 - WARNING - Invalid date format: 1934-Aug-27 11:44
2025-01-10 23:45:09,777 - WARNING - Invalid date format: 1939-Jun-10 17:55
2025-01-10 23:45:09,777 - WARNING - Invalid date format: 1939-Jun-14 01:07
2025-01-10 23:45:09,777 - WARNING - Invalid date format: 1940-Jun-09 04:40
2025-01-10 23:45:09,777 - WARNING - Invalid date format: 1940-Jun-20 13:42
2025-01-10 23:45:09,777 - WARNING - Invalid date format: 1943-Aug-15 15:46
2025-01-10 23:45:09,778 - WARNING - Invalid date format: 1949-Apr-19 21:19
2025-01-10 23:45:09,778 - WARNING - Invalid date format: 1949-Jun-11 09:20
2025-01-10 23:45:09,778 - WARNING - Invalid date format: 1952-Sep-29 07:06
2025-01-10 23:45:09,778 - WARNING - Invalid date format: 1953-Sep-01 09:15
2025-01-10 23:45:09,779 - WARNING - Invalid date format: 1958-Jun-08 15:03
2025-01-10 23:45:09,779 - WARNING - Invalid date format: 1959-Jun-26 14:26
2025-01-10 23:45:09,779 - WARNING - Invalid date format: 1962-Aug-21 02:43
2025-01-10 23:45:09,779 - WARNING - Invalid date format: 1965-Jan-19 02:07
2025-01-10 23:45:09,779 - WARNING - Invalid date format: 1968-Apr-25 13:51
2025-01-10 23:45:09,780 - WARNING - Invalid date format: 1968-Jun-14 20:39
2025-01-10 23:45:09,780 - WARNING - Invalid date format: 1972-Sep-04 18:18
2025-01-10 23:45:09,780 - WARNING - Invalid date format: 1977-May-11 10:27
2025-01-10 23:45:09,780 - WARNING - Invalid date format: 1977-Jun-08 14:37
2025-01-10 23:45:09,780 - WARNING - Invalid date format: 1978-Jul-02 02:52
2025-01-10 23:45:09,781 - WARNING - Invalid date format: 1981-Aug-26 20:57
2025-01-10 23:45:09,781 - WARNING - Invalid date format: 1986-Jun-11 02:10
2025-01-10 23:45:09,781 - WARNING - Invalid date format: 1986-Jun-18 23:17
2025-01-10 23:45:09,781 - WARNING - Invalid date format: 1987-May-05 08:06
2025-01-10 23:45:09,781 - WARNING - Invalid date format: 1987-Jun-21 00:47
2025-01-10 23:45:09,782 - WARNING - Invalid date format: 1989-Sep-01 01:33
2025-01-10 23:45:09,782 - WARNING - Invalid date format: 1990-Aug-15 06:31
2025-01-10 23:45:09,782 - WARNING - Invalid date format: 1996-Jun-11 07:34
2025-01-10 23:45:09,782 - WARNING - Invalid date format: 2000-Sep-01 13:10
2025-01-10 23:45:09,783 - WARNING - Invalid date format: 2005-Jun-08 13:59
2025-01-10 23:45:09,783 - WARNING - Invalid date format: 2006-Jun-27 01:05
2025-01-10 23:45:09,783 - WARNING - Invalid date format: 2009-Aug-21 21:05
2025-01-10 23:45:09,783 - WARNING - Invalid date format: 2015-Jun-16 15:39
2025-01-10 23:45:09,783 - WARNING - Invalid date format: 2019-Sep-06 10:20
2025-01-10 23:45:09,784 - WARNING - Invalid date format: 2024-Jun-09 01:25
2025-01-10 23:45:09,784 - WARNING - Invalid date format: 2025-May-24 15:02
2025-01-10 23:45:09,784 - WARNING - Invalid date format: 2025-Jul-03 19:20
2025-01-10 23:45:09,785 - WARNING - Invalid date format: 2028-Aug-28 15:55
2025-01-10 23:45:09,785 - WARNING - Invalid date format: 2033-Apr-30 16:13
2025-01-10 23:45:09,786 - WARNING - Invalid date format: 2033-Jun-10 02:51
2025-01-10 23:45:09,786 - WARNING - Invalid date format: 2034-Jun-22 22:51
2025-01-10 23:45:09,786 - WARNING - Invalid date format: 2037-Aug-17 13:46
2025-01-10 23:45:09,786 - WARNING - Invalid date format: 2043-Jun-13 16:57
2025-01-10 23:45:09,787 - WARNING - Invalid date format: 2044-Jun-04 01:27
2025-01-10 23:45:09,787 - WARNING - Invalid date format: 2045-Aug-21 08:04
2025-01-10 23:45:09,787 - WARNING - Invalid date format: 2047-Sep-04 06:05
2025-01-10 23:45:09,788 - WARNING - Invalid date format: 2052-Jun-08 09:26
2025-01-10 23:45:09,788 - WARNING - Invalid date format: 2053-Jun-29 00:06
2025-01-10 23:45:09,788 - WARNING - Invalid date format: 2056-Aug-23 19:39
2025-01-10 23:45:09,788 - WARNING - Invalid date format: 2057-Dec-11 11:27
2025-01-10 23:45:09,789 - WARNING - Invalid date format: 2062-Jun-18 01:10
2025-01-10 23:45:09,789 - WARNING - Invalid date format: 2066-Sep-06 21:29
2025-01-10 23:45:09,789 - WARNING - Invalid date format: 2070-Apr-02 23:30
2025-01-10 23:45:09,789 - WARNING - Invalid date format: 2071-Jun-10 12:28
2025-01-10 23:45:09,789 - WARNING - Invalid date format: 2072-Jul-05 01:07
2025-01-10 23:45:09,790 - WARNING - Invalid date format: 2074-Nov-13 22:38
2025-01-10 23:45:09,790 - WARNING - Invalid date format: 2075-Aug-30 18:05
2025-01-10 23:45:09,790 - WARNING - Invalid date format: 2080-Jun-09 19:05
2025-01-10 23:45:09,790 - WARNING - Invalid date format: 2081-Jun-23 19:30
2025-01-10 23:45:09,790 - WARNING - Invalid date format: 2082-Jul-24 17:35
2025-01-10 23:45:09,790 - WARNING - Invalid date format: 2084-Aug-18 12:56
2025-01-10 23:45:09,791 - WARNING - Invalid date format: 2090-Jun-14 07:08
2025-01-10 23:45:09,791 - WARNING - Invalid date format: 2094-Sep-04 21:06
2025-01-10 23:45:09,791 - WARNING - Invalid date format: 2094-Nov-14 11:57
2025-01-10 23:45:09,791 - WARNING - Invalid date format: 2099-Jun-09 10:15
2025-01-10 23:45:09,791 - WARNING - Invalid date format: 2100-Jun-30 20:11
2025-01-10 23:45:09,791 - WARNING - Invalid date format: 2103-Aug-26 16:18
2025-01-10 23:45:09,791 - WARNING - Invalid date format: 2109-Jun-19 18:46
2025-01-10 23:45:09,792 - WARNING - Invalid date format: 2113-Sep-08 01:46
2025-01-10 23:45:09,792 - WARNING - Invalid date format: 2117-Mar-05 12:12
2025-01-10 23:45:09,792 - WARNING - Invalid date format: 2118-Jun-11 21:35
2025-01-10 23:45:09,792 - WARNING - Invalid date format: 2119-Jul-07 21:37
2025-01-10 23:45:09,792 - WARNING - Invalid date format: 2121-Nov-20 14:04
2025-01-10 23:45:09,792 - WARNING - Invalid date format: 2122-Sep-01 11:57
2025-01-10 23:45:09,793 - WARNING - Invalid date format: 2127-Jun-11 13:36
2025-01-10 23:45:09,793 - WARNING - Invalid date format: 2128-Jun-25 09:16
2025-01-10 23:45:09,793 - WARNING - Invalid date format: 2131-Aug-21 01:47
2025-01-10 23:45:09,793 - WARNING - Invalid date format: 2136-Mar-13 06:54
2025-01-10 23:45:09,793 - WARNING - Invalid date format: 2137-Jun-15 10:22
2025-01-10 23:45:09,793 - WARNING - Invalid date format: 2138-Jul-13 08:25
2025-01-10 23:45:09,794 - WARNING - Invalid date format: 2141-Sep-05 21:21
2025-01-10 23:45:09,794 - WARNING - Invalid date format: 2146-Jun-10 10:19
2025-01-10 23:45:09,794 - WARNING - Invalid date format: 2147-Jul-01 06:34
2025-01-10 23:45:09,794 - WARNING - Invalid date format: 2150-Aug-25 22:45
2025-01-10 23:45:09,794 - WARNING - Invalid date format: 2150-Nov-01 16:14
2025-01-10 23:45:09,794 - WARNING - Invalid date format: 2156-Jun-18 16:04
2025-01-10 23:45:09,795 - WARNING - Invalid date format: 2160-Sep-07 23:10
2025-01-10 23:45:09,795 - WARNING - Invalid date format: 2163-Feb-21 04:22
2025-01-10 23:45:09,795 - WARNING - Invalid date format: 2163-Apr-10 06:31
2025-01-10 23:45:09,795 - WARNING - Invalid date format: 2165-Jun-11 02:24
2025-01-10 23:45:09,795 - WARNING - Invalid date format: 2166-Jul-05 18:55
2025-01-10 23:45:09,795 - WARNING - Invalid date format: 2169-Aug-30 10:27
2025-01-10 23:45:09,795 - WARNING - Invalid date format: 2170-Nov-17 06:52
2025-01-10 23:45:09,796 - WARNING - Invalid date format: 2174-Jun-12 17:08
2025-01-10 23:45:09,796 - WARNING - Invalid date format: 2175-Jun-12 17:27
2025-01-10 23:45:09,796 - WARNING - Invalid date format: 2175-Jun-23 19:48
2025-01-10 23:45:09,796 - WARNING - Invalid date format: 2178-Aug-17 23:47
2025-01-10 23:45:09,796 - WARNING - Invalid date format: 2184-Jun-13 03:43
2025-01-10 23:45:09,796 - WARNING - Invalid date format: 2187-Oct-02 02:41
2025-01-10 23:45:09,796 - WARNING - Invalid date format: 2188-Sep-03 07:01
2025-01-10 23:45:09,796 - WARNING - Invalid date format: 2193-Jun-10 21:52
2025-01-10 23:45:09,796 - WARNING - Invalid date format: 2194-Jun-27 14:06
2025-01-10 23:45:09,797 - WARNING - Invalid date format: 2197-Aug-22 00:33
2025-01-10 23:45:09,797 - WARNING - Invalid date format: 2200-Jan-21 02:09
2025-01-10 23:45:09,797 - WARNING - Invalid date format: 1929-Jun-09 14:54
2025-01-10 23:45:09,797 - WARNING - Invalid date format: 1950-May-18 06:48
2025-01-10 23:45:09,797 - WARNING - Invalid date format: 1963-May-19 23:06
2025-01-10 23:45:09,797 - WARNING - Invalid date format: 1965-Mar-17 09:33
2025-01-10 23:45:09,797 - WARNING - Invalid date format: 1976-May-22 19:40
2025-01-10 23:45:09,798 - WARNING - Invalid date format: 1989-May-27 05:12
2025-01-10 23:45:09,798 - WARNING - Invalid date format: 2059-Aug-19 22:11
2025-01-10 23:45:09,798 - WARNING - Invalid date format: 2095-May-29 16:59
2025-01-10 23:45:09,798 - WARNING - Invalid date format: 2131-Mar-07 17:55
2025-01-10 23:45:09,798 - WARNING - Invalid date format: 2142-May-21 08:09
2025-01-10 23:45:09,798 - WARNING - Invalid date format: 2155-May-25 00:50
2025-01-10 23:45:09,798 - WARNING - Invalid date format: 2166-Dec-13 09:42
2025-01-10 23:45:09,798 - WARNING - Invalid date format: 2168-May-26 02:13
2025-01-10 23:45:09,799 - WARNING - Invalid date format: 1901-Aug-23 17:36
2025-01-10 23:45:09,799 - WARNING - Invalid date format: 1908-Feb-27 21:02
2025-01-10 23:45:09,799 - WARNING - Invalid date format: 1908-Jun-07 22:48
2025-01-10 23:45:09,799 - WARNING - Invalid date format: 1908-Aug-31 15:23
2025-01-10 23:45:09,799 - WARNING - Invalid date format: 1915-Mar-14 16:15
2025-01-10 23:45:09,799 - WARNING - Invalid date format: 1919-Sep-08 06:12
2025-01-10 23:45:09,799 - WARNING - Invalid date format: 1922-Feb-27 21:16
2025-01-10 23:45:09,799 - WARNING - Invalid date format: 1926-Aug-21 06:24
2025-01-10 23:45:09,800 - WARNING - Invalid date format: 1933-Mar-11 02:46
2025-01-10 23:45:09,800 - WARNING - Invalid date format: 1933-May-08 19:40
2025-01-10 23:45:09,800 - WARNING - Invalid date format: 1933-Sep-19 01:31
2025-01-10 23:45:09,800 - WARNING - Invalid date format: 1940-Mar-09 21:19
2025-01-10 23:45:09,800 - WARNING - Invalid date format: 1944-Sep-02 03:37
2025-01-10 23:45:09,800 - WARNING - Invalid date format: 1951-Feb-10 07:22
2025-01-10 23:45:09,800 - WARNING - Invalid date format: 1951-Aug-08 15:38
2025-01-10 23:45:09,800 - WARNING - Invalid date format: 1958-Mar-18 04:43
2025-01-10 23:45:09,800 - WARNING - Invalid date format: 1962-Sep-13 21:32
2025-01-10 23:45:09,801 - WARNING - Invalid date format: 1965-Mar-04 20:24
2025-01-10 23:45:09,801 - WARNING - Invalid date format: 1969-Aug-27 00:06
2025-01-10 23:45:09,801 - WARNING - Invalid date format: 1976-Feb-22 11:52
2025-01-10 23:45:09,801 - WARNING - Invalid date format: 1976-Jun-23 12:31
2025-01-10 23:45:09,801 - WARNING - Invalid date format: 1983-Mar-16 10:22
2025-01-10 23:45:09,801 - WARNING - Invalid date format: 1987-Sep-10 22:36
2025-01-10 23:45:09,801 - WARNING - Invalid date format: 1990-Mar-02 19:44
2025-01-10 23:45:09,802 - WARNING - Invalid date format: 1994-Aug-25 10:10
2025-01-10 23:45:09,802 - WARNING - Invalid date format: 2001-Feb-20 23:36
2025-01-10 23:45:09,803 - WARNING - Invalid date format: 2001-Jun-27 11:35
2025-01-10 23:45:09,803 - WARNING - Invalid date format: 2008-Mar-17 11:41
2025-01-10 23:45:09,803 - WARNING - Invalid date format: 2012-Sep-14 02:56
2025-01-10 23:45:09,803 - WARNING - Invalid date format: 2015-Mar-07 09:37
2025-01-10 23:45:09,803 - WARNING - Invalid date format: 2019-Aug-31 17:20
2025-01-10 23:45:09,803 - WARNING - Invalid date format: 2026-Feb-09 02:21
2025-01-10 23:45:09,803 - WARNING - Invalid date format: 2026-Aug-12 08:35
2025-01-10 23:45:09,803 - WARNING - Invalid date format: 2033-Mar-14 23:04
2025-01-10 23:45:09,804 - WARNING - Invalid date format: 2033-Sep-23 08:08
2025-01-10 23:45:09,804 - WARNING - Invalid date format: 2040-Mar-12 10:58
2025-01-10 23:45:09,804 - WARNING - Invalid date format: 2044-Sep-06 21:24
2025-01-10 23:45:09,804 - WARNING - Invalid date format: 2047-Feb-28 15:33
2025-01-10 23:45:09,804 - WARNING - Invalid date format: 2051-Aug-23 03:35
2025-01-10 23:45:09,804 - WARNING - Invalid date format: 2058-Mar-04 22:25
2025-01-10 23:45:09,804 - WARNING - Invalid date format: 2058-May-28 23:59
2025-01-10 23:45:09,804 - WARNING - Invalid date format: 2058-Sep-11 03:14
2025-01-10 23:45:09,805 - WARNING - Invalid date format: 2065-Mar-13 19:56
2025-01-10 23:45:09,805 - WARNING - Invalid date format: 2069-Sep-07 10:06
2025-01-10 23:45:09,805 - WARNING - Invalid date format: 2072-Feb-28 11:27
2025-01-10 23:45:09,805 - WARNING - Invalid date format: 2076-Aug-20 09:35
2025-01-10 23:45:09,805 - WARNING - Invalid date format: 2083-Mar-12 08:35
2025-01-10 23:45:09,805 - WARNING - Invalid date format: 2083-May-08 07:41
2025-01-10 23:45:09,805 - WARNING - Invalid date format: 2083-Sep-20 20:56
2025-01-10 23:45:09,805 - WARNING - Invalid date format: 2090-Mar-11 06:39
2025-01-10 23:45:09,806 - WARNING - Invalid date format: 2094-Sep-03 10:34
2025-01-10 23:45:09,806 - WARNING - Invalid date format: 2101-Feb-12 10:24
2025-01-10 23:45:09,806 - WARNING - Invalid date format: 2101-Aug-07 02:26
2025-01-10 23:45:09,806 - WARNING - Invalid date format: 2108-Mar-18 23:57
2025-01-10 23:45:09,806 - WARNING - Invalid date format: 2112-Sep-14 05:20
2025-01-10 23:45:09,806 - WARNING - Invalid date format: 2115-Mar-06 04:41
2025-01-10 23:45:09,806 - WARNING - Invalid date format: 2119-Aug-27 16:11
2025-01-10 23:45:09,806 - WARNING - Invalid date format: 2126-Feb-25 01:41
2025-01-10 23:45:09,806 - WARNING - Invalid date format: 2126-Jun-23 11:31
2025-01-10 23:45:09,807 - WARNING - Invalid date format: 2133-Mar-18 05:51
2025-01-10 23:45:09,807 - WARNING - Invalid date format: 2137-Sep-13 19:10
2025-01-10 23:45:09,807 - WARNING - Invalid date format: 2140-Mar-05 23:55
2025-01-10 23:45:09,807 - WARNING - Invalid date format: 2144-Aug-29 08:08
2025-01-10 23:45:09,807 - WARNING - Invalid date format: 2151-Feb-17 11:46
2025-01-10 23:45:09,807 - WARNING - Invalid date format: 2151-Jul-22 16:37
2025-01-10 23:45:09,807 - WARNING - Invalid date format: 2158-Mar-20 02:29
2025-01-10 23:45:09,807 - WARNING - Invalid date format: 2165-Mar-11 12:24
2025-01-10 23:45:09,808 - WARNING - Invalid date format: 2169-Sep-05 14:32
2025-01-10 23:45:09,808 - WARNING - Invalid date format: 2172-Feb-28 02:38
2025-01-10 23:45:09,808 - WARNING - Invalid date format: 2176-Aug-20 12:13
2025-01-10 23:45:09,808 - WARNING - Invalid date format: 2183-Mar-08 21:14
2025-01-10 23:45:09,808 - WARNING - Invalid date format: 2183-May-26 05:10
2025-01-10 23:45:09,808 - WARNING - Invalid date format: 2183-Sep-15 19:32
2025-01-10 23:45:09,808 - WARNING - Invalid date format: 2190-Mar-16 04:16
2025-01-10 23:45:09,808 - WARNING - Invalid date format: 2194-Sep-10 09:32
2025-01-10 23:45:09,809 - WARNING - Invalid date format: 2197-Mar-02 20:06
2025-01-10 23:45:09,809 - WARNING - Invalid date format: 1929-Jul-19 10:23
2025-01-10 23:45:09,809 - WARNING - Invalid date format: 1957-Jul-21 08:58
2025-01-10 23:45:09,809 - WARNING - Invalid date format: 2046-Aug-06 06:42
2025-01-10 23:45:09,809 - WARNING - Invalid date format: 2074-Aug-03 16:48
2025-01-10 23:45:09,809 - WARNING - Invalid date format: 2102-Aug-06 04:18
2025-01-10 23:45:09,809 - WARNING - Invalid date format: 2181-Jul-21 20:31
2025-01-10 23:45:09,810 - WARNING - Invalid date format: 1908-Aug-04 01:10
2025-01-10 23:45:09,811 - WARNING - Invalid date format: 1916-Aug-05 18:54
2025-01-10 23:45:09,811 - WARNING - Invalid date format: 1924-Aug-07 09:59
2025-01-10 23:45:09,811 - WARNING - Invalid date format: 1932-Aug-08 15:40
2025-01-10 23:45:09,812 - WARNING - Invalid date format: 1940-Aug-09 13:03
2025-01-10 23:45:09,812 - WARNING - Invalid date format: 1948-Aug-10 00:22
2025-01-10 23:45:09,812 - WARNING - Invalid date format: 1956-Aug-09 20:36
2025-01-10 23:45:09,812 - WARNING - Invalid date format: 1964-Aug-09 09:15
2025-01-10 23:45:09,812 - WARNING - Invalid date format: 1972-Aug-08 07:30
2025-01-10 23:45:09,812 - WARNING - Invalid date format: 1980-Aug-06 12:33
2025-01-10 23:45:09,812 - WARNING - Invalid date format: 1988-Aug-04 11:41
2025-01-10 23:45:09,812 - WARNING - Invalid date format: 2008-Jan-24 16:04
2025-01-10 23:45:09,812 - WARNING - Invalid date format: 2016-Jan-22 07:07
2025-01-10 23:45:09,812 - WARNING - Invalid date format: 2024-Jan-20 20:46
2025-01-10 23:45:09,813 - WARNING - Invalid date format: 2032-Jan-20 14:44
2025-01-10 23:45:09,813 - WARNING - Invalid date format: 2040-Jan-21 07:02
2025-01-10 23:45:09,813 - WARNING - Invalid date format: 2048-Jan-23 02:54
2025-01-10 23:45:09,813 - WARNING - Invalid date format: 2076-Aug-05 03:07
2025-01-10 23:45:09,813 - WARNING - Invalid date format: 2084-Aug-06 10:11
2025-01-10 23:45:09,813 - WARNING - Invalid date format: 2092-Aug-06 19:22
2025-01-10 23:45:09,813 - WARNING - Invalid date format: 2100-Aug-07 07:27
2025-01-10 23:45:09,813 - WARNING - Invalid date format: 2108-Aug-06 00:25
2025-01-10 23:45:09,813 - WARNING - Invalid date format: 2128-Jan-25 11:42
2025-01-10 23:45:09,813 - WARNING - Invalid date format: 2136-Jan-22 07:01
2025-01-10 23:45:09,813 - WARNING - Invalid date format: 2144-Jan-19 14:30
2025-01-10 23:45:09,814 - WARNING - Invalid date format: 2152-Jan-18 00:59
2025-01-10 23:45:09,814 - WARNING - Invalid date format: 2160-Jan-18 06:26
2025-01-10 23:45:09,814 - WARNING - Invalid date format: 2168-Jan-20 08:06
2025-01-10 23:45:09,814 - WARNING - Invalid date format: 2170-Oct-20 11:44
2025-01-10 23:45:09,814 - WARNING - Invalid date format: 2176-Jan-23 02:22
2025-01-10 23:45:09,814 - WARNING - Invalid date format: 2184-Jan-26 00:00
2025-01-10 23:45:09,814 - WARNING - Invalid date format: 2193-Aug-02 00:06
2025-01-10 23:45:09,814 - WARNING - Invalid date format: 1911-Jan-29 19:12
2025-01-10 23:45:09,814 - WARNING - Invalid date format: 1930-Sep-25 20:53
2025-01-10 23:45:09,815 - WARNING - Invalid date format: 1930-Nov-11 22:54
2025-01-10 23:45:09,815 - WARNING - Invalid date format: 1932-May-15 03:59
2025-01-10 23:45:09,815 - WARNING - Invalid date format: 1941-May-01 09:44
2025-01-10 23:45:09,815 - WARNING - Invalid date format: 1946-Jul-02 17:04
2025-01-10 23:45:09,815 - WARNING - Invalid date format: 1950-Jun-26 15:50
2025-01-10 23:45:09,815 - WARNING - Invalid date format: 1964-Oct-26 03:51
2025-01-10 23:45:09,815 - WARNING - Invalid date format: 1966-May-02 02:58
2025-01-10 23:45:09,815 - WARNING - Invalid date format: 1968-Apr-15 18:27
2025-01-10 23:45:09,815 - WARNING - Invalid date format: 1980-Nov-13 17:15
2025-01-10 23:45:09,815 - WARNING - Invalid date format: 1982-May-14 17:13
2025-01-10 23:45:09,815 - WARNING - Invalid date format: 1986-Jan-22 20:40
2025-01-10 23:45:09,816 - WARNING - Invalid date format: 2003-Dec-02 16:05
2025-01-10 23:45:09,816 - WARNING - Invalid date format: 2005-Nov-06 19:15
2025-01-10 23:45:09,816 - WARNING - Invalid date format: 2007-May-08 15:18
2025-01-10 23:45:09,816 - WARNING - Invalid date format: 2021-Sep-18 13:57
2025-01-10 23:45:09,816 - WARNING - Invalid date format: 2037-Nov-15 23:52
2025-01-10 23:45:09,816 - WARNING - Invalid date format: 2039-Jul-17 03:57
2025-01-10 23:45:09,816 - WARNING - Invalid date format: 2046-Nov-13 04:49
2025-01-10 23:45:09,816 - WARNING - Invalid date format: 2048-May-13 23:58
2025-01-10 23:45:09,817 - WARNING - Invalid date format: 2049-Dec-13 00:24
2025-01-10 23:45:09,817 - WARNING - Invalid date format: 2057-Jun-06 09:28
2025-01-10 23:45:09,817 - WARNING - Invalid date format: 2071-Nov-17 19:34
2025-01-10 23:45:09,817 - WARNING - Invalid date format: 2073-May-20 12:48
2025-01-10 23:45:09,818 - WARNING - Invalid date format: 2075-May-17 22:47
2025-01-10 23:45:09,818 - WARNING - Invalid date format: 2077-Jan-20 22:01
2025-01-10 23:45:09,818 - WARNING - Invalid date format: 2080-Nov-05 09:15
2025-01-10 23:45:09,818 - WARNING - Invalid date format: 2082-May-12 11:03
2025-01-10 23:45:09,818 - WARNING - Invalid date format: 2087-Jul-23 17:24
2025-01-10 23:45:09,818 - WARNING - Invalid date format: 2091-May-06 06:37
2025-01-10 23:45:09,818 - WARNING - Invalid date format: 2098-Aug-30 09:52
2025-01-10 23:45:09,818 - WARNING - Invalid date format: 2120-Mar-24 04:08
2025-01-10 23:45:09,818 - WARNING - Invalid date format: 2141-Oct-10 22:39
2025-01-10 23:45:09,818 - WARNING - Invalid date format: 2141-Nov-19 08:49
2025-01-10 23:45:09,818 - WARNING - Invalid date format: 2143-May-28 07:07
2025-01-10 23:45:09,819 - WARNING - Invalid date format: 2150-Nov-10 14:06
2025-01-10 23:45:09,820 - WARNING - Invalid date format: 2152-May-14 23:28
2025-01-10 23:45:09,821 - WARNING - Invalid date format: 2161-May-06 13:45
2025-01-10 23:45:09,821 - WARNING - Invalid date format: 2163-Apr-29 13:22
2025-01-10 23:45:09,821 - WARNING - Invalid date format: 2165-Jan-04 04:12
2025-01-10 23:45:09,821 - WARNING - Invalid date format: 2184-Oct-06 20:10
2025-01-10 23:45:09,821 - WARNING - Invalid date format: 2193-Nov-22 21:27
2025-01-10 23:45:09,821 - WARNING - Invalid date format: 1907-Oct-11 06:15
2025-01-10 23:45:09,821 - WARNING - Invalid date format: 1914-Mar-29 02:55
2025-01-10 23:45:09,822 - WARNING - Invalid date format: 1931-Apr-06 05:10
2025-01-10 23:45:09,822 - WARNING - Invalid date format: 1948-Apr-05 23:14
2025-01-10 23:45:09,822 - WARNING - Invalid date format: 1965-Feb-02 06:30
2025-01-10 23:45:09,822 - WARNING - Invalid date format: 1965-Apr-06 03:08
2025-01-10 23:45:09,822 - WARNING - Invalid date format: 1982-Apr-05 22:46
2025-01-10 23:45:09,822 - WARNING - Invalid date format: 1999-Apr-01 14:44
2025-01-10 23:45:09,822 - WARNING - Invalid date format: 2016-Mar-27 11:19
2025-01-10 23:45:09,822 - WARNING - Invalid date format: 2033-Mar-23 16:37
2025-01-10 23:45:09,822 - WARNING - Invalid date format: 2043-Aug-24 20:36
2025-01-10 23:45:09,822 - WARNING - Invalid date format: 2050-Mar-17 21:01
2025-01-10 23:45:09,823 - WARNING - Invalid date format: 2060-Aug-19 18:18
2025-01-10 23:45:09,823 - WARNING - Invalid date format: 2077-Aug-17 02:41
2025-01-10 23:45:09,823 - WARNING - Invalid date format: 2094-Aug-13 08:54
2025-01-10 23:45:09,823 - WARNING - Invalid date format: 2111-Aug-16 02:17
2025-01-10 23:45:09,823 - WARNING - Invalid date format: 2128-Aug-22 00:22
2025-01-10 23:45:09,824 - WARNING - Invalid date format: 2135-Mar-18 01:17
2025-01-10 23:45:09,824 - WARNING - Invalid date format: 2145-Aug-28 19:43
2025-01-10 23:45:09,824 - WARNING - Invalid date format: 2152-Mar-28 11:54
2025-01-10 23:45:09,824 - WARNING - Invalid date format: 2169-Apr-07 18:18
2025-01-10 23:45:09,824 - WARNING - Invalid date format: 2186-Jul-23 19:33
2025-01-10 23:45:09,824 - WARNING - Invalid date format: 1909-Nov-13 09:45
2025-01-10 23:45:09,824 - WARNING - Invalid date format: 1950-Jul-01 14:12
2025-01-10 23:45:09,825 - WARNING - Invalid date format: 1991-Feb-14 20:45
2025-01-10 23:45:09,825 - WARNING - Invalid date format: 2005-Mar-27 11:06
2025-01-10 23:45:09,825 - WARNING - Invalid date format: 2045-Nov-10 19:00
2025-01-10 23:45:09,825 - WARNING - Invalid date format: 2086-Jun-25 13:33
2025-01-10 23:45:09,825 - WARNING - Invalid date format: 2100-Aug-05 06:42
2025-01-10 23:45:09,825 - WARNING - Invalid date format: 2141-Mar-20 05:41
2025-01-10 23:45:09,825 - WARNING - Invalid date format: 2181-Oct-31 23:07
2025-01-10 23:45:09,825 - WARNING - Invalid date format: 2195-Dec-11 06:13
2025-01-10 23:45:09,825 - WARNING - Invalid date format: 1900-May-20 10:57
2025-01-10 23:45:09,825 - WARNING - Invalid date format: 1905-Dec-23 15:06
2025-01-10 23:45:09,826 - WARNING - Invalid date format: 1906-Nov-15 20:22
2025-01-10 23:45:09,826 - WARNING - Invalid date format: 1907-Nov-06 00:33
2025-01-10 23:45:09,826 - WARNING - Invalid date format: 1908-Feb-09 11:29
2025-01-10 23:45:09,826 - WARNING - Invalid date format: 1909-May-04 06:53
2025-01-10 23:45:09,826 - WARNING - Invalid date format: 1910-Jul-20 17:47
2025-01-10 23:45:09,826 - WARNING - Invalid date format: 1912-Sep-06 13:22
2025-01-10 23:45:09,826 - WARNING - Invalid date format: 1915-Nov-11 02:22
2025-01-10 23:45:09,826 - WARNING - Invalid date format: 1916-Nov-14 00:32
2025-01-10 23:45:09,826 - WARNING - Invalid date format: 1917-Jan-16 05:53
2025-01-10 23:45:09,826 - WARNING - Invalid date format: 1918-Apr-19 22:35
2025-01-10 23:45:09,827 - WARNING - Invalid date format: 1919-Jul-13 21:19
2025-01-10 23:45:09,827 - WARNING - Invalid date format: 1925-Nov-22 05:08
2025-01-10 23:45:09,827 - WARNING - Invalid date format: 1927-Apr-06 14:31
2025-01-10 23:45:09,827 - WARNING - Invalid date format: 1928-Jul-05 03:16
2025-01-10 23:45:09,827 - WARNING - Invalid date format: 1931-Oct-12 15:47
2025-01-10 23:45:09,827 - WARNING - Invalid date format: 1934-Nov-25 17:13
2025-01-10 23:45:09,827 - WARNING - Invalid date format: 1936-Mar-24 03:37
2025-01-10 23:45:09,827 - WARNING - Invalid date format: 1937-Jun-24 12:05
2025-01-10 23:45:09,827 - WARNING - Invalid date format: 1943-Nov-24 14:43
2025-01-10 23:45:09,827 - WARNING - Invalid date format: 1945-Mar-11 09:20
2025-01-10 23:45:09,827 - WARNING - Invalid date format: 1946-Jun-08 05:41
2025-01-10 23:45:09,828 - WARNING - Invalid date format: 1949-May-09 12:07
2025-01-10 23:45:09,828 - WARNING - Invalid date format: 1950-Nov-15 06:35
2025-01-10 23:45:09,828 - WARNING - Invalid date format: 1952-Nov-20 08:21
2025-01-10 23:45:09,829 - WARNING - Invalid date format: 1953-Oct-28 15:39
2025-01-10 23:45:09,829 - WARNING - Invalid date format: 1954-Feb-25 14:53
2025-01-10 23:45:09,829 - WARNING - Invalid date format: 1955-May-21 11:04
2025-01-10 23:45:09,829 - WARNING - Invalid date format: 1961-Nov-15 20:54
2025-01-10 23:45:09,829 - WARNING - Invalid date format: 1962-Nov-06 01:48
2025-01-10 23:45:09,829 - WARNING - Invalid date format: 1963-Feb-09 10:37
2025-01-10 23:45:09,829 - WARNING - Invalid date format: 1964-May-04 03:59
2025-01-10 23:45:09,829 - WARNING - Invalid date format: 1965-Jul-20 16:35
2025-01-10 23:45:09,830 - WARNING - Invalid date format: 1969-Dec-15 22:46
2025-01-10 23:45:09,830 - WARNING - Invalid date format: 1970-Nov-10 23:28
2025-01-10 23:45:09,830 - WARNING - Invalid date format: 1971-Nov-15 08:00
2025-01-10 23:45:09,830 - WARNING - Invalid date format: 1972-Jan-15 18:56
2025-01-10 23:45:09,830 - WARNING - Invalid date format: 1973-Apr-19 13:59
2025-01-10 23:45:09,830 - WARNING - Invalid date format: 1974-Jul-13 19:54
2025-01-10 23:45:09,830 - WARNING - Invalid date format: 1976-Aug-29 19:37
2025-01-10 23:45:09,830 - WARNING - Invalid date format: 1980-Nov-22 08:09
2025-01-10 23:45:09,830 - WARNING - Invalid date format: 1982-Apr-06 11:44
2025-01-10 23:45:09,831 - WARNING - Invalid date format: 1983-Jul-06 01:18
2025-01-10 23:45:09,831 - WARNING - Invalid date format: 1989-Nov-25 18:41
2025-01-10 23:45:09,831 - WARNING - Invalid date format: 1991-Mar-25 02:03
2025-01-10 23:45:09,831 - WARNING - Invalid date format: 1992-Jun-24 14:20
2025-01-10 23:45:09,831 - WARNING - Invalid date format: 1995-Oct-06 06:27
2025-01-10 23:45:09,831 - WARNING - Invalid date format: 1998-Nov-24 17:55
2025-01-10 23:45:09,831 - WARNING - Invalid date format: 2000-Mar-11 19:05
2025-01-10 23:45:09,831 - WARNING - Invalid date format: 2001-Jun-08 15:39
2025-01-10 23:45:09,831 - WARNING - Invalid date format: 2007-Nov-21 10:00
2025-01-10 23:45:09,832 - WARNING - Invalid date format: 2008-Oct-28 14:08
2025-01-10 23:45:09,832 - WARNING - Invalid date format: 2009-Feb-25 19:47
2025-01-10 23:45:09,832 - WARNING - Invalid date format: 2010-May-21 14:08
2025-01-10 23:45:09,832 - WARNING - Invalid date format: 2014-Nov-08 00:29
2025-01-10 23:45:09,832 - WARNING - Invalid date format: 2016-Nov-16 01:42
2025-01-10 23:45:09,832 - WARNING - Invalid date format: 2017-Nov-05 22:35
2025-01-10 23:45:09,832 - WARNING - Invalid date format: 2018-Feb-10 01:58
2025-01-10 23:45:09,832 - WARNING - Invalid date format: 2018-Dec-11 17:52
2025-01-10 23:45:09,832 - WARNING - Invalid date format: 2019-May-05 18:25
2025-01-10 23:45:09,833 - WARNING - Invalid date format: 2020-Jul-21 01:08
2025-01-10 23:45:09,833 - WARNING - Invalid date format: 2025-Nov-11 05:42
2025-01-10 23:45:09,833 - WARNING - Invalid date format: 2026-Nov-14 23:14
2025-01-10 23:45:09,833 - WARNING - Invalid date format: 2027-Jan-17 19:35
2025-01-10 23:45:09,833 - WARNING - Invalid date format: 2028-Apr-20 02:09
2025-01-10 23:45:09,833 - WARNING - Invalid date format: 2029-Jul-14 03:35
2025-01-10 23:45:09,833 - WARNING - Invalid date format: 2033-Dec-08 22:34
2025-01-10 23:45:09,833 - WARNING - Invalid date format: 2035-Nov-23 07:56
2025-01-10 23:45:09,833 - WARNING - Invalid date format: 2037-Apr-06 18:08
2025-01-10 23:45:09,834 - WARNING - Invalid date format: 2038-Jul-06 08:43
2025-01-10 23:45:09,834 - WARNING - Invalid date format: 2040-Aug-23 12:20
2025-01-10 23:45:09,834 - WARNING - Invalid date format: 2044-Nov-25 18:55
2025-01-10 23:45:09,834 - WARNING - Invalid date format: 2046-Mar-25 09:13
2025-01-10 23:45:09,834 - WARNING - Invalid date format: 2047-Jun-25 23:32
2025-01-10 23:45:09,834 - WARNING - Invalid date format: 2053-Nov-24 20:48
2025-01-10 23:45:09,834 - WARNING - Invalid date format: 2055-Mar-13 00:47
2025-01-10 23:45:09,834 - WARNING - Invalid date format: 2056-Jun-09 01:44
2025-01-10 23:45:09,834 - WARNING - Invalid date format: 2059-Sep-29 23:05
2025-01-10 23:45:09,835 - WARNING - Invalid date format: 2062-Nov-21 15:35
2025-01-10 23:45:09,835 - WARNING - Invalid date format: 2063-Oct-29 07:30
2025-01-10 23:45:09,835 - WARNING - Invalid date format: 2064-Feb-27 12:16
2025-01-10 23:45:09,835 - WARNING - Invalid date format: 2065-May-22 06:54
2025-01-10 23:45:09,835 - WARNING - Invalid date format: 2071-Nov-17 05:46
2025-01-10 23:45:09,835 - WARNING - Invalid date format: 2072-Nov-05 20:52
2025-01-10 23:45:09,835 - WARNING - Invalid date format: 2073-Feb-10 09:43
2025-01-10 23:45:09,835 - WARNING - Invalid date format: 2074-May-05 21:07
2025-01-10 23:45:09,836 - WARNING - Invalid date format: 2075-Jul-22 05:16
2025-01-10 23:45:09,836 - WARNING - Invalid date format: 2078-Oct-31 15:30
2025-01-10 23:45:09,836 - WARNING - Invalid date format: 2080-Nov-11 08:14
2025-01-10 23:45:09,836 - WARNING - Invalid date format: 2081-Nov-14 22:33
2025-01-10 23:45:09,836 - WARNING - Invalid date format: 2082-Jan-18 10:27
2025-01-10 23:45:09,836 - WARNING - Invalid date format: 2083-Apr-21 09:47
2025-01-10 23:45:09,836 - WARNING - Invalid date format: 2084-Jul-14 10:17
2025-01-10 23:45:09,836 - WARNING - Invalid date format: 2088-Jul-14 22:18
2025-01-10 23:45:09,836 - WARNING - Invalid date format: 2090-Nov-23 04:42
2025-01-10 23:45:09,837 - WARNING - Invalid date format: 2092-Apr-06 22:42
2025-01-10 23:45:09,837 - WARNING - Invalid date format: 2093-Jul-06 11:53
2025-01-10 23:45:09,837 - WARNING - Invalid date format: 2097-Dec-02 03:45
2025-01-10 23:45:09,837 - WARNING - Invalid date format: 2099-Nov-26 21:06
2025-01-10 23:45:09,837 - WARNING - Invalid date format: 2101-Mar-26 09:17
2025-01-10 23:45:09,837 - WARNING - Invalid date format: 2102-Jun-27 00:10
2025-01-10 23:45:09,837 - WARNING - Invalid date format: 2104-Aug-18 05:48
2025-01-10 23:45:09,837 - WARNING - Invalid date format: 2108-Nov-25 21:13
2025-01-10 23:45:09,837 - WARNING - Invalid date format: 2110-Mar-13 21:23
2025-01-10 23:45:09,838 - WARNING - Invalid date format: 2111-Jun-10 19:30
2025-01-10 23:45:09,838 - WARNING - Invalid date format: 2117-Nov-22 15:16
2025-01-10 23:45:09,838 - WARNING - Invalid date format: 2118-Oct-30 15:05
2025-01-10 23:45:09,838 - WARNING - Invalid date format: 2119-Feb-28 05:14
2025-01-10 23:45:09,838 - WARNING - Invalid date format: 2120-May-22 23:14
2025-01-10 23:45:09,838 - WARNING - Invalid date format: 2123-Sep-23 03:24
2025-01-10 23:45:09,838 - WARNING - Invalid date format: 2126-Nov-18 05:31
2025-01-10 23:45:09,838 - WARNING - Invalid date format: 2127-Nov-07 23:33
2025-01-10 23:45:09,838 - WARNING - Invalid date format: 2128-Feb-12 04:28
2025-01-10 23:45:09,839 - WARNING - Invalid date format: 2129-May-06 15:05
2025-01-10 23:45:09,839 - WARNING - Invalid date format: 2130-Jul-23 05:29
2025-01-10 23:45:09,839 - WARNING - Invalid date format: 2135-Nov-13 05:16
2025-01-10 23:45:09,839 - WARNING - Invalid date format: 2136-Nov-16 09:34
2025-01-10 23:45:09,839 - WARNING - Invalid date format: 2137-Jan-17 15:39
2025-01-10 23:45:09,839 - WARNING - Invalid date format: 2138-Apr-21 16:54
2025-01-10 23:45:09,839 - WARNING - Invalid date format: 2139-Jul-16 02:00
2025-01-10 23:45:09,839 - WARNING - Invalid date format: 2142-Oct-24 13:36
2025-01-10 23:45:09,839 - WARNING - Invalid date format: 2145-Nov-24 15:54
2025-01-10 23:45:09,840 - WARNING - Invalid date format: 2147-Apr-08 02:39
2025-01-10 23:45:09,840 - WARNING - Invalid date format: 2148-Jul-06 23:49
2025-01-10 23:45:09,840 - WARNING - Invalid date format: 2154-Nov-27 22:50
2025-01-10 23:45:09,840 - WARNING - Invalid date format: 2156-Mar-25 05:37
2025-01-10 23:45:09,840 - WARNING - Invalid date format: 2157-Jun-25 13:58
2025-01-10 23:45:09,840 - WARNING - Invalid date format: 2158-Feb-17 00:53
2025-01-10 23:45:09,840 - WARNING - Invalid date format: 2161-Nov-25 10:11
2025-01-10 23:45:09,840 - WARNING - Invalid date format: 2163-Nov-26 14:02
2025-01-10 23:45:09,840 - WARNING - Invalid date format: 2165-Mar-12 09:15
2025-01-10 23:45:09,841 - WARNING - Invalid date format: 2166-Jun-08 17:26
2025-01-10 23:45:09,841 - WARNING - Invalid date format: 2168-Aug-09 10:02
2025-01-10 23:45:09,841 - WARNING - Invalid date format: 2172-Nov-22 03:09
2025-01-10 23:45:09,841 - WARNING - Invalid date format: 2173-Oct-31 16:33
2025-01-10 23:45:09,841 - WARNING - Invalid date format: 2174-Feb-26 05:47
2025-01-10 23:45:09,841 - WARNING - Invalid date format: 2175-May-21 14:15
2025-01-10 23:45:09,841 - WARNING - Invalid date format: 2176-Jul-28 18:44
2025-01-10 23:45:09,841 - WARNING - Invalid date format: 2181-Nov-17 12:51
2025-01-10 23:45:09,841 - WARNING - Invalid date format: 2182-Nov-09 07:48
2025-01-10 23:45:09,842 - WARNING - Invalid date format: 2183-Feb-09 14:53
2025-01-10 23:45:09,842 - WARNING - Invalid date format: 2184-May-04 12:17
2025-01-10 23:45:09,842 - WARNING - Invalid date format: 2185-Jul-22 08:36
2025-01-10 23:45:09,842 - WARNING - Invalid date format: 2187-Sep-12 17:59
2025-01-10 23:45:09,842 - WARNING - Invalid date format: 2190-Nov-12 14:11
2025-01-10 23:45:09,842 - WARNING - Invalid date format: 2191-Nov-18 13:22
2025-01-10 23:45:09,842 - WARNING - Invalid date format: 2193-Apr-19 19:36
2025-01-10 23:45:09,842 - WARNING - Invalid date format: 2194-Jul-15 03:50
2025-01-10 23:45:09,842 - WARNING - Invalid date format: 2200-Nov-26 13:44
2025-01-10 23:45:09,843 - WARNING - Invalid date format: 1959-Nov-17 08:31
2025-01-10 23:45:09,843 - WARNING - Invalid date format: 1972-Nov-21 21:30
2025-01-10 23:45:09,843 - WARNING - Invalid date format: 1985-Nov-27 21:43
2025-01-10 23:45:09,843 - WARNING - Invalid date format: 2058-Nov-18 16:40
2025-01-10 23:45:09,843 - WARNING - Invalid date format: 2071-Nov-24 07:51
2025-01-10 23:45:09,843 - WARNING - Invalid date format: 2157-Nov-21 17:04
2025-01-10 23:45:09,843 - WARNING - Invalid date format: 2170-Nov-27 11:23
2025-01-10 23:45:09,843 - WARNING - Invalid date format: 1906-Mar-06 00:36
2025-01-10 23:45:09,843 - WARNING - Invalid date format: 1927-May-03 18:59
2025-01-10 23:45:09,844 - WARNING - Invalid date format: 1939-Mar-02 11:12
2025-01-10 23:45:09,844 - WARNING - Invalid date format: 1949-Mar-18 14:44
2025-01-10 23:45:09,844 - WARNING - Invalid date format: 1951-Jan-10 05:45
2025-01-10 23:45:09,844 - WARNING - Invalid date format: 1953-Mar-04 06:06
2025-01-10 23:45:09,844 - WARNING - Invalid date format: 1957-Feb-23 12:38
2025-01-10 23:45:09,845 - WARNING - Invalid date format: 1961-Feb-10 22:21
2025-01-10 23:45:09,846 - WARNING - Invalid date format: 1962-Dec-07 01:54
2025-01-10 23:45:09,846 - WARNING - Invalid date format: 1965-Feb-11 07:46
2025-01-10 23:45:09,846 - WARNING - Invalid date format: 1969-Feb-13 09:02
2025-01-10 23:45:09,846 - WARNING - Invalid date format: 1973-Feb-13 00:36
2025-01-10 23:45:09,846 - WARNING - Invalid date format: 1977-Feb-20 20:33
2025-01-10 23:45:09,846 - WARNING - Invalid date format: 1981-Mar-02 04:12
2025-01-10 23:45:09,846 - WARNING - Invalid date format: 1985-Mar-09 17:39
2025-01-10 23:45:09,846 - WARNING - Invalid date format: 1989-Mar-20 22:14
2025-01-10 23:45:09,846 - WARNING - Invalid date format: 2058-Feb-07 18:16
2025-01-10 23:45:09,847 - WARNING - Invalid date format: 2062-Feb-24 00:46
2025-01-10 23:45:09,847 - WARNING - Invalid date format: 2066-Mar-12 02:54
2025-01-10 23:45:09,847 - WARNING - Invalid date format: 2070-Mar-26 14:17
2025-01-10 23:45:09,847 - WARNING - Invalid date format: 2092-Sep-17 11:56
2025-01-10 23:45:09,847 - WARNING - Invalid date format: 2104-Aug-20 15:40
2025-01-10 23:45:09,847 - WARNING - Invalid date format: 2110-Mar-21 08:42
2025-01-10 23:45:09,847 - WARNING - Invalid date format: 2114-Feb-25 11:35
2025-01-10 23:45:09,847 - WARNING - Invalid date format: 2116-Jul-03 07:01
2025-01-10 23:45:09,847 - WARNING - Invalid date format: 2118-Jan-24 14:20
2025-01-10 23:45:09,848 - WARNING - Invalid date format: 2128-Apr-24 06:58
2025-01-10 23:45:09,848 - WARNING - Invalid date format: 2153-Mar-14 22:17
2025-01-10 23:45:09,848 - WARNING - Invalid date format: 2180-Apr-01 03:05
2025-01-10 23:45:09,848 - WARNING - Invalid date format: 1905-Aug-25 21:49
2025-01-10 23:45:09,848 - WARNING - Invalid date format: 1929-Aug-22 13:40
2025-01-10 23:45:09,848 - WARNING - Invalid date format: 1953-Aug-21 10:55
2025-01-10 23:45:09,848 - WARNING - Invalid date format: 1977-Aug-22 02:21
2025-01-10 23:45:09,848 - WARNING - Invalid date format: 2001-Aug-24 01:57
2025-01-10 23:45:09,849 - WARNING - Invalid date format: 2025-Aug-26 01:05
2025-01-10 23:45:09,849 - WARNING - Invalid date format: 2049-Aug-26 19:32
2025-01-10 23:45:09,849 - WARNING - Invalid date format: 2073-Aug-26 22:05
2025-01-10 23:45:09,849 - WARNING - Invalid date format: 2097-Aug-27 13:47
2025-01-10 23:45:09,849 - WARNING - Invalid date format: 2121-Sep-01 00:58
2025-01-10 23:45:09,849 - WARNING - Invalid date format: 2162-Aug-14 05:10
2025-01-10 23:45:09,849 - WARNING - Invalid date format: 2186-Aug-16 01:42
2025-01-10 23:45:09,849 - WARNING - Invalid date format: 1926-Sep-28 02:47
2025-01-10 23:45:09,849 - WARNING - Invalid date format: 1989-Oct-10 02:44
2025-01-10 23:45:09,850 - WARNING - Invalid date format: 2030-Oct-06 07:09
2025-01-10 23:45:09,850 - WARNING - Invalid date format: 2071-Oct-07 22:28
2025-01-10 23:45:09,850 - WARNING - Invalid date format: 2131-Sep-24 05:26
2025-01-10 23:45:09,850 - WARNING - Invalid date format: 2172-Oct-02 09:41
2025-01-10 23:45:09,850 - WARNING - Invalid date format: 1937-May-28 20:45
2025-01-10 23:45:09,850 - WARNING - Invalid date format: 1949-May-22 08:44
2025-01-10 23:45:09,850 - WARNING - Invalid date format: 1961-May-19 05:02
2025-01-10 23:45:09,851 - WARNING - Invalid date format: 1973-May-12 13:39
2025-01-10 23:45:09,851 - WARNING - Invalid date format: 2026-May-30 08:25
2025-01-10 23:45:09,851 - WARNING - Invalid date format: 2038-May-23 09:26
2025-01-10 23:45:09,851 - WARNING - Invalid date format: 2050-May-20 09:34
2025-01-10 23:45:09,851 - WARNING - Invalid date format: 2062-May-14 21:01
2025-01-10 23:45:09,851 - WARNING - Invalid date format: 2115-Jun-01 17:52
2025-01-10 23:45:09,851 - WARNING - Invalid date format: 2127-May-24 21:51
2025-01-10 23:45:09,852 - WARNING - Invalid date format: 2139-May-20 15:23
2025-01-10 23:45:09,852 - WARNING - Invalid date format: 2151-May-10 11:55
2025-01-10 23:45:09,923 - INFO - Database connection established.
2025-01-10 23:45:13,948 - ERROR - Pipeline failed: {'S': 'ERROR', 'V': 'ERROR', 'C': '42P10', 'M': 'there is no unique or exclusion constraint matching the ON CONFLICT specification', 'F': 'plancat.c', 'L': '945', 'R': 'infer_arbiter_indexes'}
2025-01-11 00:02:42,665 - INFO - Fetched page: https://api.nasa.gov/neo/rest/v1/neo/browse
2025-01-11 00:02:43,676 - INFO - Database connection established.
2025-01-11 00:02:48,898 - INFO - Data upserted successfully.
2025-01-11 00:02:48,901 - INFO - Pipeline completed successfully.
